*** Starting uWSGI 2.0.17.1 (64bit) on [Sun Oct 14 11:09:35 2018] ***
compiled with version: 7.3.0 on 08 October 2018 10:13:19
os: Linux-4.15.0-36-generic #39-Ubuntu SMP Mon Sep 24 16:19:09 UTC 2018
nodename: even-virtual-machine
machine: x86_64
clock source: unix
detected number of CPU cores: 4
current working directory: /home/even/PycharmProjects/gz1801_python_web
writing pidfile to uwsgi.pid
detected binary path: /home/even/.virtualenvs/flask/bin/uwsgi
!!! no internal routing support, rebuild with pcre support !!!
chdir() to /home/even/PycharmProjects/gz1801_python_web
your processes number limit is 31577
your memory page size is 4096 bytes
detected max file descriptor number: 1048576
lock engine: pthread robust mutexes
thunder lock: disabled (you can enable it with --thunder-lock)
uWSGI http bound on 127.0.0.1:8080 fd 4
uwsgi socket 0 bound to TCP address 127.0.0.1:35189 (port auto-assigned) fd 3
Python version: 3.6.5 (default, Apr  1 2018, 05:46:30)  [GCC 7.3.0]
Python main interpreter initialized at 0x555f93e923d0
python threads support enabled
your server socket listen backlog is limited to 100 connections
your mercy for graceful operations on workers is 60 seconds
mapped 166688 bytes (162 KB) for 2 cores
*** Operational MODE: threaded ***
WSGI app 0 (mountpoint='') ready in 1 seconds on interpreter 0x555f93e923d0 pid: 110149 (default app)
*** uWSGI is running in multiple interpreter mode ***
spawned uWSGI master process (pid: 110149)
spawned uWSGI worker 1 (pid: 110174, cores: 2)
spawned uWSGI http 1 (pid: 110176)
Sun Oct 14 11:10:44 2018 - uWSGI worker 1 screams: UAAAAAAH my master disconnected: i will kill myself !!!
Sun Oct 14 11:10:44 2018 - uWSGI worker 1 screams: UAAAAAAH my master disconnected: i will kill myself !!!
*** Starting uWSGI 2.0.17.1 (64bit) on [Sun Oct 14 11:11:25 2018] ***
compiled with version: 7.3.0 on 08 October 2018 10:13:19
os: Linux-4.15.0-36-generic #39-Ubuntu SMP Mon Sep 24 16:19:09 UTC 2018
nodename: even-virtual-machine
machine: x86_64
clock source: unix
detected number of CPU cores: 4
current working directory: /home/even/PycharmProjects/gz1801_python_web
writing pidfile to uwsgi.pid
detected binary path: /home/even/.virtualenvs/flask/bin/uwsgi
!!! no internal routing support, rebuild with pcre support !!!
chdir() to /home/even/PycharmProjects/gz1801_python_web
your processes number limit is 31577
your memory page size is 4096 bytes
detected max file descriptor number: 1048576
lock engine: pthread robust mutexes
thunder lock: disabled (you can enable it with --thunder-lock)
uWSGI http bound on 127.0.0.1:8080 fd 4
uwsgi socket 0 bound to TCP address 127.0.0.1:35345 (port auto-assigned) fd 3
Python version: 3.6.5 (default, Apr  1 2018, 05:46:30)  [GCC 7.3.0]
Python main interpreter initialized at 0x55eded2573d0
python threads support enabled
your server socket listen backlog is limited to 100 connections
your mercy for graceful operations on workers is 60 seconds
mapped 166688 bytes (162 KB) for 2 cores
*** Operational MODE: threaded ***
WSGI app 0 (mountpoint='') ready in 0 seconds on interpreter 0x55eded2573d0 pid: 110429 (default app)
*** uWSGI is running in multiple interpreter mode ***
spawned uWSGI master process (pid: 110429)
spawned uWSGI worker 1 (pid: 110454, cores: 2)
spawned uWSGI http 1 (pid: 110456)
[pid: 110454|app: 0|req: 1/1] 127.0.0.1 () {38 vars in 634 bytes} [Sun Oct 14 11:13:04 2018] GET / => generated 233 bytes in 20 msecs (HTTP/1.1 404) 2 headers in 72 bytes (1 switches on core 0)
[pid: 110454|app: 0|req: 2/2] 127.0.0.1 () {38 vars in 613 bytes} [Sun Oct 14 11:13:05 2018] GET /favicon.ico => generated 233 bytes in 0 msecs (HTTP/1.1 404) 2 headers in 72 bytes (1 switches on core 1)
SIGINT/SIGQUIT received...killing workers...
gateway "uWSGI http 1" has been buried (pid: 110456)
worker 1 buried after 1 seconds
goodbye to uWSGI.
*** Starting uWSGI 2.0.17.1 (64bit) on [Sun Oct 14 11:14:04 2018] ***
compiled with version: 7.3.0 on 08 October 2018 10:13:19
os: Linux-4.15.0-36-generic #39-Ubuntu SMP Mon Sep 24 16:19:09 UTC 2018
nodename: even-virtual-machine
machine: x86_64
clock source: unix
detected number of CPU cores: 4
current working directory: /home/even/PycharmProjects/gz1801_python_web
writing pidfile to uwsgi.pid
detected binary path: /home/even/.virtualenvs/flask/bin/uwsgi
!!! no internal routing support, rebuild with pcre support !!!
chdir() to /home/even/PycharmProjects/gz1801_python_web
your processes number limit is 31577
your memory page size is 4096 bytes
detected max file descriptor number: 1048576
lock engine: pthread robust mutexes
thunder lock: disabled (you can enable it with --thunder-lock)
uWSGI http bound on 127.0.0.1:8080 fd 4
uwsgi socket 0 bound to TCP address 127.0.0.1:44993 (port auto-assigned) fd 3
Python version: 3.6.5 (default, Apr  1 2018, 05:46:30)  [GCC 7.3.0]
Python main interpreter initialized at 0x559de54363d0
python threads support enabled
your server socket listen backlog is limited to 100 connections
your mercy for graceful operations on workers is 60 seconds
mapped 166688 bytes (162 KB) for 2 cores
*** Operational MODE: threaded ***
WSGI app 0 (mountpoint='') ready in 1 seconds on interpreter 0x559de54363d0 pid: 110570 (default app)
*** uWSGI is running in multiple interpreter mode ***
spawned uWSGI master process (pid: 110570)
spawned uWSGI worker 1 (pid: 110595, cores: 2)
spawned uWSGI http 1 (pid: 110597)
[pid: 110595|app: 0|req: 1/1] 127.0.0.1 () {40 vars in 665 bytes} [Sun Oct 14 11:14:11 2018] GET / => generated 12 bytes in 2 msecs (HTTP/1.1 200) 2 headers in 79 bytes (1 switches on core 0)
SIGINT/SIGQUIT received...killing workers...
gateway "uWSGI http 1" has been buried (pid: 110597)
worker 1 buried after 1 seconds
goodbye to uWSGI.
*** Starting uWSGI 2.0.17.1 (64bit) on [Sun Oct 14 11:14:31 2018] ***
compiled with version: 7.3.0 on 08 October 2018 10:13:19
os: Linux-4.15.0-36-generic #39-Ubuntu SMP Mon Sep 24 16:19:09 UTC 2018
nodename: even-virtual-machine
machine: x86_64
clock source: unix
detected number of CPU cores: 4
current working directory: /home/even/PycharmProjects/gz1801_python_web
writing pidfile to uwsgi.pid
detected binary path: /home/even/.virtualenvs/flask/bin/uwsgi
!!! no internal routing support, rebuild with pcre support !!!
chdir() to /home/even/PycharmProjects/gz1801_python_web
your processes number limit is 31577
your memory page size is 4096 bytes
detected max file descriptor number: 1048576
lock engine: pthread robust mutexes
thunder lock: disabled (you can enable it with --thunder-lock)
uWSGI http bound on 0.0.0.0:8080 fd 4
uwsgi socket 0 bound to TCP address 127.0.0.1:33493 (port auto-assigned) fd 3
Python version: 3.6.5 (default, Apr  1 2018, 05:46:30)  [GCC 7.3.0]
Python main interpreter initialized at 0x5596cb7493d0
python threads support enabled
your server socket listen backlog is limited to 100 connections
your mercy for graceful operations on workers is 60 seconds
mapped 166688 bytes (162 KB) for 2 cores
*** Operational MODE: threaded ***
WSGI app 0 (mountpoint='') ready in 0 seconds on interpreter 0x5596cb7493d0 pid: 110639 (default app)
*** uWSGI is running in multiple interpreter mode ***
spawned uWSGI master process (pid: 110639)
spawned uWSGI worker 1 (pid: 110664, cores: 2)
spawned uWSGI http 1 (pid: 110666)
[pid: 110664|app: 0|req: 1/1] 172.16.4.22 () {36 vars in 617 bytes} [Sun Oct 14 11:15:10 2018] GET / => generated 12 bytes in 6 msecs (HTTP/1.1 200) 2 headers in 79 bytes (1 switches on core 0)
[pid: 110664|app: 0|req: 2/2] 172.16.4.22 () {34 vars in 544 bytes} [Sun Oct 14 11:15:10 2018] GET /favicon.ico => generated 233 bytes in 40 msecs (HTTP/1.1 404) 2 headers in 72 bytes (1 switches on core 1)
[pid: 110664|app: 0|req: 3/3] 172.16.4.22 () {34 vars in 604 bytes} [Sun Oct 14 11:15:10 2018] GET /favicon.ico => generated 233 bytes in 0 msecs (HTTP/1.1 404) 2 headers in 72 bytes (1 switches on core 0)
[pid: 110664|app: 0|req: 4/4] 172.16.4.26 () {36 vars in 570 bytes} [Sun Oct 14 11:15:38 2018] GET / => generated 12 bytes in 0 msecs (HTTP/1.1 200) 2 headers in 79 bytes (1 switches on core 1)
[pid: 110664|app: 0|req: 5/5] 172.16.4.26 () {34 vars in 557 bytes} [Sun Oct 14 11:15:38 2018] GET /favicon.ico => generated 233 bytes in 0 msecs (HTTP/1.1 404) 2 headers in 72 bytes (1 switches on core 0)
